<?xml version="1.0" encoding="UTF-8"?>
<!-- Generated by org.testng.reporters.JUnitXMLReporter -->
<testsuite ignored="3" hostname="Keyutechs-MacBook-Pro.local" failures="0" tests="0" time="0.011" errors="0" timestamp="2021-05-27T20:35:22 IST">
  <testcase classname="Smoke_Test.Click_aboutus_nav_home" name="aboutus" time="0.0">
    <ignored/>
  </testcase> <!-- aboutus -->
  <testcase classname="Smoke_Test.Click_Email_Nav_Home" name="Contactus" time="0.0">
    <ignored/>
  </testcase> <!-- Contactus -->
  <testcase classname="Smoke_Test.home_page_with_all_links" name="CLickLinks" time="0.0">
    <ignored/>
  </testcase> <!-- CLickLinks -->
</testsuite>
